<?xml version="1.0" encoding="UTF-8"?>
<beans xmlns="http://www.springframework.org/schema/beans" xmlns:xsi="http://www.w3.org/2001/XMLSchema-instance"
  xmlns:aop="http://www.springframework.org/schema/aop" xmlns:context="http://www.springframework.org/schema/context"
  xsi:schemaLocation="
       http://www.springframework.org/schema/beans
       http://www.springframework.org/schema/beans/spring-beans-4.0.xsd
       http://www.springframework.org/schema/aop
       http://www.springframework.org/schema/aop/spring-aop-4.0.xsd
       http://www.springframework.org/schema/context
       http://www.springframework.org/schema/context/spring-context-4.0.xsd">

  <!-- propertyPlaceHolderConfigurer和springPropertyResourceReader在SpringTestContextConfig中注册 -->

  <bean id="passwordHelper" class="org.amberframework.web.system.auth.service.impl.user.PasswordHelper">
    <property name="algorithmName" value="md5" />
    <property name="hashIterations" value="2" />
  </bean>
  
  <!-- Excel导出类，使用excelExportManager加载配置导出excel -->
  <bean id="excelExportManager" class="org.amberframework.core.excel.poi.DefaultExcelExportManager">
    <property name="excelExportService" ref="excelExportService" />
  </bean>
  <bean id="excelDataAnchorHandler" class="org.amberframework.core.excel.poi.anchor.DefaultExcelDataAnchorHandler">
  </bean>
  <bean id="excelExportService" class="org.amberframework.core.excel.poi.StandardExcelExportService">
    <property name="excelDataAnchorHandler" ref="excelDataAnchorHandler" />
  </bean>

  <import resource="test-spring-context-scan.xml" />
  <import resource="test-spring-mybatis.xml" />
  <import resource="test-spring-cache.xml" />
  <import resource="test-spring-shiro.xml" />
</beans>